[Sat Mar  7 09:00:01 UTC 2026] Checking for new grade separation matters since 2026-02-28T09:00:01 ...
[Sat Mar  7 09:00:02 UTC 2026] No new matters found. Nothing to post.
[rengstorff-check 09:00:01] Last check: 2026-02-06T09:00:01
[rengstorff-check 09:00:01] API sanity check: ok
[rengstorff-check 09:00:01] Git remote: reachable
[rengstorff-check 09:00:01] Querying Legistar for matters modified since 2026-02-06T09:00:01 ...
[rengstorff-check 09:00:01] Found 0 new/updated Rengstorff grade separation matter(s).
[rengstorff-check 09:00:01] Nothing to post. Updating state.
[rengstorff-check 09:00:02] Last check: 2026-03-08T09:00:03
[rengstorff-check 09:00:02] API sanity check: ok
[rengstorff-check 09:00:02] Git remote: reachable
[rengstorff-check 09:00:02] Querying Legistar for matters modified since 2026-03-08T09:00:03 ...
[rengstorff-check 09:00:02] Found 0 new/updated Rengstorff grade separation matter(s).
[rengstorff-check 09:00:02] Nothing to post. Updating state.
✅ Rengstorff grade separation weekly check: no new matters. Everything is working.
[rengstorff-check 09:00:01] Last check: 2026-03-09T09:00:04
[rengstorff-check 09:00:01] API sanity check: ok
[rengstorff-check 09:00:01] Git remote: reachable
[rengstorff-check 09:00:01] Querying Legistar for matters modified since 2026-03-09T09:00:04 ...
[rengstorff-check 09:00:01] Found 0 new/updated Rengstorff grade separation matter(s).
[rengstorff-check 09:00:01] Nothing to post. Updating state.
[rengstorff-check 09:00:01] Last check: 2026-03-10T09:00:04
[rengstorff-check 09:00:01] API sanity check: ok
[rengstorff-check 09:00:01] Git remote: reachable
[rengstorff-check 09:00:01] Querying Legistar for matters modified since 2026-03-10T09:00:04 ...
[rengstorff-check 09:00:01] Found 0 new/updated Rengstorff grade separation matter(s).
[rengstorff-check 09:00:01] Nothing to post. Updating state.
[rengstorff-check 09:00:01] Last check: 2026-03-11T09:00:04
[rengstorff-check 09:00:01] API sanity check: ok
[rengstorff-check 09:00:01] Git remote: reachable
[rengstorff-check 09:00:01] Querying Legistar for matters modified since 2026-03-11T09:00:04 ...
[rengstorff-check 09:00:01] Found 0 new/updated Rengstorff grade separation matter(s).
[rengstorff-check 09:00:01] Nothing to post. Updating state.
[rengstorff-check 09:00:01] Last check: 2026-03-12T09:00:05
[rengstorff-check 09:00:01] API sanity check: ok
[rengstorff-check 09:00:01] Git remote: reachable
[rengstorff-check 09:00:01] Querying Legistar for matters modified since 2026-03-12T09:00:05 ...
[rengstorff-check 09:00:01] Found 0 new/updated Rengstorff grade separation matter(s).
[rengstorff-check 09:00:01] Nothing to post. Updating state.
[rengstorff-check 09:00:02] Last check: 2026-03-13T09:00:04
[rengstorff-check 09:00:02] API sanity check: ok
[rengstorff-check 09:00:02] Git remote: reachable
[rengstorff-check 09:00:02] Querying Legistar for matters modified since 2026-03-13T09:00:04 ...
[rengstorff-check 09:00:02] Found 0 new/updated Rengstorff grade separation matter(s).
[rengstorff-check 09:00:02] Nothing to post. Updating state.
[rengstorff-check 09:00:01] Last check: 2026-03-14T09:00:04
[rengstorff-check 09:00:01] API sanity check: ok
[rengstorff-check 09:00:01] Git remote: reachable
[rengstorff-check 09:00:01] Querying Legistar for matters modified since 2026-03-14T09:00:04 ...
[rengstorff-check 09:00:01] Found 0 new/updated Rengstorff grade separation matter(s).
[rengstorff-check 09:00:01] Nothing to post. Updating state.
[rengstorff-check 09:00:01] Last check: 2026-03-15T09:00:04
[rengstorff-check 09:00:01] API sanity check: ok
[rengstorff-check 09:00:01] Git remote: reachable
[rengstorff-check 09:00:01] Querying Legistar for matters modified since 2026-03-15T09:00:04 ...
[rengstorff-check 09:00:01] Found 0 new/updated Rengstorff grade separation matter(s).
[rengstorff-check 09:00:01] Nothing to post. Updating state.
✅ Rengstorff grade separation weekly check: no new matters. Everything is working.
[rengstorff-check 09:00:01] Last check: 2026-03-16T09:00:06
[rengstorff-check 09:00:01] API sanity check: ok
[rengstorff-check 09:00:01] Git remote: reachable
[rengstorff-check 09:00:01] Querying Legistar for matters modified since 2026-03-16T09:00:06 ...
[rengstorff-check 09:00:01] Found 0 new/updated Rengstorff grade separation matter(s).
[rengstorff-check 09:00:01] Nothing to post. Updating state.
[rengstorff-check 09:00:01] Last check: 2026-03-17T09:00:13
[rengstorff-check 09:00:01] API sanity check: ok
[rengstorff-check 09:00:01] Git remote: reachable
[rengstorff-check 09:00:01] Querying Legistar for matters modified since 2026-03-17T09:00:13 ...
[rengstorff-check 09:00:01] Found 0 new/updated Rengstorff grade separation matter(s).
[rengstorff-check 09:00:01] Nothing to post. Updating state.
[rengstorff-check 09:00:01] Last check: 2026-03-18T09:00:06
[rengstorff-check 09:00:01] API sanity check: ok
[rengstorff-check 09:00:01] Git remote: reachable
[rengstorff-check 09:00:01] Querying Legistar for matters modified since 2026-03-18T09:00:06 ...
[rengstorff-check 09:00:01] Found 0 new/updated Rengstorff grade separation matter(s).
[rengstorff-check 09:00:01] Nothing to post. Updating state.
[rengstorff-check 09:00:01] Last check: 2026-03-19T09:00:07
[rengstorff-check 09:00:01] API sanity check: ok
[rengstorff-check 09:00:01] Git remote: reachable
[rengstorff-check 09:00:01] Querying Legistar for matters modified since 2026-03-19T09:00:07 ...
[rengstorff-check 09:00:01] Found 0 new/updated Rengstorff grade separation matter(s).
[rengstorff-check 09:00:01] Nothing to post. Updating state.
[rengstorff-check 09:00:01] Last check: 2026-03-20T09:00:06
[rengstorff-check 09:00:01] API sanity check: ok
[rengstorff-check 09:00:01] Git remote: reachable
[rengstorff-check 09:00:01] Querying Legistar for matters modified since 2026-03-20T09:00:06 ...
[rengstorff-check 09:00:01] Found 0 new/updated Rengstorff grade separation matter(s).
[rengstorff-check 09:00:01] Nothing to post. Updating state.
